<?xml version="1.0" encoding="UTF-8"?>
<testng-results ignored="2" total="3" passed="1" failed="0" skipped="0">
  <reporter-output>
  </reporter-output>
  <suite started-at="2023-03-27T14:04:38 IST" name="Suite" finished-at="2023-03-27T14:05:00 IST" duration-ms="21930">
    <groups>
    </groups>
    <test started-at="2023-03-27T14:04:38 IST" name="testng" finished-at="2023-03-27T14:05:00 IST" duration-ms="21930">
      <class name="com.blazeclan.qa.test.testng.BaseTest">
        <test-method is-config="true" signature="setUp()[pri:0, instance:com.blazeclan.qa.test.testng.BaseTest@c730b35]" started-at="2023-03-27T14:04:38 IST" name="setUp" finished-at="2023-03-27T14:04:51 IST" duration-ms="12921" status="PASS">
          <reporter-output>
          </reporter-output>
        </test-method> <!-- setUp -->
        <test-method is-config="true" signature="logout()[pri:0, instance:com.blazeclan.qa.test.testng.BaseTest@c730b35]" started-at="2023-03-27T14:05:00 IST" name="logout" finished-at="2023-03-27T14:05:00 IST" duration-ms="0" status="PASS">
          <reporter-output>
          </reporter-output>
        </test-method> <!-- logout -->
      </class> <!-- com.blazeclan.qa.test.testng.BaseTest -->
      <class name="com.blazeclan.qa.test.testng.LoginTest">
        <test-method signature="LoginPage()[pri:1, instance:com.blazeclan.qa.test.testng.LoginTest@2f4948e4]" started-at="2023-03-27T14:04:51 IST" name="LoginPage" finished-at="2023-03-27T14:05:00 IST" duration-ms="8806" status="PASS">
          <reporter-output>
          </reporter-output>
        </test-method> <!-- LoginPage -->
      </class> <!-- com.blazeclan.qa.test.testng.LoginTest -->
    </test> <!-- testng -->
  </suite> <!-- Suite -->
</testng-results>
