<?xml version="1.0" encoding="UTF-8"?>
<testng-results ignored="0" total="1" passed="1" failed="0" skipped="0">
  <reporter-output>
  </reporter-output>
  <suite started-at="2023-03-21T18:47:14 IST" name="Suite" finished-at="2023-03-21T18:47:29 IST" duration-ms="15580">
    <groups>
    </groups>
    <test started-at="2023-03-21T18:47:14 IST" name="Test" finished-at="2023-03-21T18:47:29 IST" duration-ms="15580">
      <class name="EC2JenkinSetup.EC2Test.BaseTest">
        <test-method signature="setUp()[pri:1, instance:EC2JenkinSetup.EC2Test.BaseTest@206a70ef]" started-at="2023-03-21T18:47:14 IST" name="setUp" finished-at="2023-03-21T18:47:27 IST" duration-ms="13680" status="PASS">
          <reporter-output>
          </reporter-output>
        </test-method> <!-- setUp -->
        <test-method is-config="true" signature="logout()[pri:0, instance:EC2JenkinSetup.EC2Test.BaseTest@206a70ef]" started-at="2023-03-21T18:47:27 IST" name="logout" finished-at="2023-03-21T18:47:29 IST" duration-ms="1846" status="PASS">
          <reporter-output>
          </reporter-output>
        </test-method> <!-- logout -->
      </class> <!-- EC2JenkinSetup.EC2Test.BaseTest -->
    </test> <!-- Test -->
  </suite> <!-- Suite -->
</testng-results>
