<?xml version="1.0" encoding="UTF-8"?>
<!-- Generated by org.testng.reporters.JUnitXMLReporter -->
<testsuite ignored="2" hostname="BCT-LTP-G1007" failures="0" tests="1" name="testng" time="21.93" errors="0" timestamp="2023-03-27T14:05:00 IST">
  <testcase classname="com.blazeclan.qa.test.testng.LoginTest" name="LoginPage" time="8.806"/>
  <testcase classname="com.blazeclan.qa.test.testng.BaseTest" name="@BeforeTest setUp" time="0.0">
    <ignored/>
  </testcase> <!-- @BeforeTest setUp -->
  <testcase classname="com.blazeclan.qa.test.testng.BaseTest" name="@AfterTest logout" time="0.0">
    <ignored/>
  </testcase> <!-- @AfterTest logout -->
</testsuite> <!-- testng -->
